
> @figma/my-make-file@0.0.1 dev
> vite --host 127.0.0.1 --port 5174


  [32m[1mVITE[22m v6.3.5[39m  [2mready in [0m[1m438[22m[2m[0m ms[22m

  [32m➜[39m  [1mLocal[22m:   [36mhttp://127.0.0.1:[1m5174[22m/[39m
[2m[32m  ➜[39m[22m[2m  press [22m[1mh + enter[22m[2m to show help[22m
[2m6:50:11 PM[22m [36m[1m[vite][22m[39m [90m[2m(client)[22m[39m [32mhmr update [39m[2m/@fs/C:\Users\NITROPC\Downloads\purcar.xyzbeforeai\src\app\pages\Landing.tsx, /src/styles/index.css[22m
[2m6:50:41 PM[22m [36m[1m[vite][22m[39m [90m[2m(client)[22m[39m [32mhmr update [39m[2m/@fs/C:\Users\NITROPC\Downloads\purcar.xyzbeforeai\src\app\pages\RetroArcade.tsx, /src/styles/index.css[22m
[2m6:53:21 PM[22m [36m[1m[vite][22m[39m [90m[2m(client)[22m[39m [32mhmr update [39m[2m/src/styles/index.css[22m
[2m6:53:55 PM[22m [36m[1m[vite][22m[39m [90m[2m(client)[22m[39m [32mhmr update [39m[2m/@fs/C:\Users\NITROPC\Downloads\purcar.xyzbeforeai\src\app\pages\Landing.tsx, /src/styles/index.css[22m
[2m6:54:24 PM[22m [36m[1m[vite][22m[39m [90m[2m(client)[22m[39m [32mhmr update [39m[2m/@fs/C:\Users\NITROPC\Downloads\purcar.xyzbeforeai\src\app\pages\RetroArcade.tsx, /src/styles/index.css[22m
[2m6:54:30 PM[22m [36m[1m[vite][22m[39m [90m[2m(client)[22m[39m [32mhmr update [39m[2m/@fs/C:\Users\NITROPC\Downloads\purcar.xyzbeforeai\src\app\pages\RetroArcade.tsx, /src/styles/index.css[22m
[2m6:54:40 PM[22m [36m[1m[vite][22m[39m [90m[2m(client)[22m[39m [32mhmr update [39m[2m/@fs/C:\Users\NITROPC\Downloads\purcar.xyzbeforeai\src\app\pages\RetroArcade.tsx, /src/styles/index.css[22m
[2m6:55:03 PM[22m [36m[1m[vite][22m[39m [90m[2m(client)[22m[39m [32mhmr update [39m[2m/@fs/C:\Users\NITROPC\Downloads\purcar.xyzbeforeai\src\app\components\ModeSelector.tsx, /src/styles/index.css[22m
[2m6:55:13 PM[22m [36m[1m[vite][22m[39m [90m[2m(client)[22m[39m [32mhmr update [39m[2m/@fs/C:\Users\NITROPC\Downloads\purcar.xyzbeforeai\src\app\pages\Menu.tsx, /src/styles/index.css[22m
[2m6:55:57 PM[22m [36m[1m[vite][22m[39m [90m[2m(client)[22m[39m [32mhmr update [39m[2m/@fs/C:\Users\NITROPC\Downloads\purcar.xyzbeforeai\src\app\pages\Menu.tsx, /src/styles/index.css[22m
[2m6:56:15 PM[22m [36m[1m[vite][22m[39m [90m[2m(client)[22m[39m [32mhmr update [39m[2m/@fs/C:\Users\NITROPC\Downloads\purcar.xyzbeforeai\src\app\pages\Settings.tsx, /src/styles/index.css[22m
[2m6:57:09 PM[22m [36m[1m[vite][22m[39m [90m[2m(client)[22m[39m [32mhmr update [39m[2m/@fs/C:\Users\NITROPC\Downloads\purcar.xyzbeforeai\src\app\pages\Settings.tsx, /src/styles/index.css[22m
[2m6:57:18 PM[22m [36m[1m[vite][22m[39m [90m[2m(client)[22m[39m [32mhmr update [39m[2m/@fs/C:\Users\NITROPC\Downloads\purcar.xyzbeforeai\src\app\pages\HighScores.tsx, /src/styles/index.css[22m
[2m6:58:24 PM[22m [36m[1m[vite][22m[39m [90m[2m(client)[22m[39m [32mhmr update [39m[2m/@fs/C:\Users\NITROPC\Downloads\purcar.xyzbeforeai\src\app\pages\HighScores.tsx, /src/styles/index.css[22m
[2m6:58:44 PM[22m [36m[1m[vite][22m[39m [90m[2m(client)[22m[39m [32mhmr update [39m[2m/@fs/C:\Users\NITROPC\Downloads\purcar.xyzbeforeai\src\app\components\TouchControls.tsx, /src/styles/index.css[22m
[2m6:59:05 PM[22m [36m[1m[vite][22m[39m [90m[2m(client)[22m[39m [32mhmr update [39m[2m/@fs/C:\Users\NITROPC\Downloads\purcar.xyzbeforeai\src\app\components\TouchControls.tsx, /src/styles/index.css[22m
[2m6:59:31 PM[22m [36m[1m[vite][22m[39m [90m[2m(client)[22m[39m [32mhmr update [39m[2m/@fs/C:\Users\NITROPC\Downloads\purcar.xyzbeforeai\src\app\components\GameBoard.tsx, /src/styles/index.css[22m
[2m6:59:52 PM[22m [36m[1m[vite][22m[39m [90m[2m(client)[22m[39m [32mhmr update [39m[2m/@fs/C:\Users\NITROPC\Downloads\purcar.xyzbeforeai\src\app\pages\Game.tsx, /src/styles/index.css[22m
[2m7:00:40 PM[22m [36m[1m[vite][22m[39m [90m[2m(client)[22m[39m [32mhmr update [39m[2m/@fs/C:\Users\NITROPC\Downloads\purcar.xyzbeforeai\src\app\pages\RetroArcadePlayer.tsx, /src/styles/index.css[22m
[2m7:00:53 PM[22m [36m[1m[vite][22m[39m [90m[2m(client)[22m[39m [32mhmr update [39m[2m/@fs/C:\Users\NITROPC\Downloads\purcar.xyzbeforeai\src\app\pages\RetroArcadePlayer.tsx, /src/styles/index.css[22m
[2m7:07:02 PM[22m [36m[1m[vite][22m[39m [90m[2m(client)[22m[39m [32mhmr update [39m[2m/@fs/C:\Users\NITROPC\Downloads\purcar.xyzbeforeai\src\app\pages\Landing.tsx, /src/styles/index.css[22m
[2m7:07:34 PM[22m [36m[1m[vite][22m[39m [90m[2m(client)[22m[39m [32mhmr update [39m[2m/@fs/C:\Users\NITROPC\Downloads\purcar.xyzbeforeai\src\app\pages\Landing.tsx, /src/styles/index.css[22m
[2m7:07:42 PM[22m [36m[1m[vite][22m[39m [90m[2m(client)[22m[39m [32mhmr update [39m[2m/@fs/C:\Users\NITROPC\Downloads\purcar.xyzbeforeai\src\app\pages\Menu.tsx, /src/styles/index.css[22m
[2m7:07:49 PM[22m [36m[1m[vite][22m[39m [90m[2m(client)[22m[39m [32mhmr update [39m[2m/@fs/C:\Users\NITROPC\Downloads\purcar.xyzbeforeai\src\app\pages\RetroArcade.tsx, /src/styles/index.css[22m
[2m7:07:53 PM[22m [36m[1m[vite][22m[39m [90m[2m(client)[22m[39m [32mhmr update [39m[2m/@fs/C:\Users\NITROPC\Downloads\purcar.xyzbeforeai\src\app\pages\Settings.tsx, /src/styles/index.css[22m
[2m7:08:01 PM[22m [36m[1m[vite][22m[39m [90m[2m(client)[22m[39m [32mhmr update [39m[2m/@fs/C:\Users\NITROPC\Downloads\purcar.xyzbeforeai\src\app\pages\HighScores.tsx, /src/styles/index.css[22m
[2m7:08:09 PM[22m [36m[1m[vite][22m[39m [90m[2m(client)[22m[39m [32mhmr update [39m[2m/@fs/C:\Users\NITROPC\Downloads\purcar.xyzbeforeai\src\app\pages\RetroArcadePlayer.tsx, /src/styles/index.css[22m
[2m7:09:29 PM[22m [36m[1m[vite][22m[39m [90m[2m(client)[22m[39m [32mhmr update [39m[2m/src/styles/index.css[22m
[2m7:09:39 PM[22m [36m[1m[vite][22m[39m [90m[2m(client)[22m[39m [32mhmr update [39m[2m/@fs/C:\Users\NITROPC\Downloads\purcar.xyzbeforeai\src\app\pages\Landing.tsx, /src/styles/index.css[22m
[2m7:09:45 PM[22m [36m[1m[vite][22m[39m [90m[2m(client)[22m[39m [32mhmr update [39m[2m/@fs/C:\Users\NITROPC\Downloads\purcar.xyzbeforeai\src\app\pages\Menu.tsx, /src/styles/index.css[22m
[2m7:09:52 PM[22m [36m[1m[vite][22m[39m [90m[2m(client)[22m[39m [32mhmr update [39m[2m/@fs/C:\Users\NITROPC\Downloads\purcar.xyzbeforeai\src\app\pages\RetroArcade.tsx, /src/styles/index.css[22m
[2m7:09:58 PM[22m [36m[1m[vite][22m[39m [90m[2m(client)[22m[39m [32mhmr update [39m[2m/@fs/C:\Users\NITROPC\Downloads\purcar.xyzbeforeai\src\app\pages\HighScores.tsx, /src/styles/index.css[22m
[2m7:10:04 PM[22m [36m[1m[vite][22m[39m [90m[2m(client)[22m[39m [32mhmr update [39m[2m/@fs/C:\Users\NITROPC\Downloads\purcar.xyzbeforeai\src\app\pages\Settings.tsx, /src/styles/index.css[22m
[2m7:10:20 PM[22m [36m[1m[vite][22m[39m [90m[2m(client)[22m[39m [32mhmr update [39m[2m/@fs/C:\Users\NITROPC\Downloads\purcar.xyzbeforeai\src\app\pages\Landing.tsx, /src/styles/index.css[22m
[2m7:10:34 PM[22m [36m[1m[vite][22m[39m [90m[2m(client)[22m[39m [32mhmr update [39m[2m/@fs/C:\Users\NITROPC\Downloads\purcar.xyzbeforeai\src\app\pages\HighScores.tsx, /src/styles/index.css[22m
[2m7:10:48 PM[22m [36m[1m[vite][22m[39m [90m[2m(client)[22m[39m [32mhmr update [39m[2m/@fs/C:\Users\NITROPC\Downloads\purcar.xyzbeforeai\src\app\pages\RetroArcadePlayer.tsx, /src/styles/index.css[22m
[2m7:11:10 PM[22m [36m[1m[vite][22m[39m [90m[2m(client)[22m[39m [32mhmr update [39m[2m/@fs/C:\Users\NITROPC\Downloads\purcar.xyzbeforeai\src\app\pages\RetroArcadePlayer.tsx, /src/styles/index.css[22m
[2m7:11:16 PM[22m [36m[1m[vite][22m[39m [90m[2m(client)[22m[39m [32mhmr update [39m[2m/@fs/C:\Users\NITROPC\Downloads\purcar.xyzbeforeai\src\app\components\GameBoard.tsx, /src/styles/index.css[22m
[2m7:11:43 PM[22m [36m[1m[vite][22m[39m [90m[2m(client)[22m[39m [32mhmr update [39m[2m/@fs/C:\Users\NITROPC\Downloads\purcar.xyzbeforeai\src\app\pages\Landing.tsx, /src/styles/index.css[22m
[2m7:11:51 PM[22m [36m[1m[vite][22m[39m [90m[2m(client)[22m[39m [32mhmr update [39m[2m/@fs/C:\Users\NITROPC\Downloads\purcar.xyzbeforeai\src\app\pages\Menu.tsx, /src/styles/index.css[22m
[2m7:12:06 PM[22m [36m[1m[vite][22m[39m [90m[2m(client)[22m[39m [32mhmr update [39m[2m/@fs/C:\Users\NITROPC\Downloads\purcar.xyzbeforeai\src\app\pages\RetroArcade.tsx, /src/styles/index.css[22m
[2m7:12:13 PM[22m [36m[1m[vite][22m[39m [90m[2m(client)[22m[39m [32mhmr update [39m[2m/@fs/C:\Users\NITROPC\Downloads\purcar.xyzbeforeai\src\app\pages\HighScores.tsx, /src/styles/index.css[22m
[2m7:12:22 PM[22m [36m[1m[vite][22m[39m [90m[2m(client)[22m[39m [32mhmr update [39m[2m/@fs/C:\Users\NITROPC\Downloads\purcar.xyzbeforeai\src\app\pages\Settings.tsx, /src/styles/index.css[22m
[2m7:12:27 PM[22m [36m[1m[vite][22m[39m [90m[2m(client)[22m[39m [32mhmr update [39m[2m/@fs/C:\Users\NITROPC\Downloads\purcar.xyzbeforeai\src\app\pages\FlappyBird.tsx, /src/styles/index.css[22m
[2m7:12:33 PM[22m [36m[1m[vite][22m[39m [90m[2m(client)[22m[39m [32mhmr update [39m[2m/@fs/C:\Users\NITROPC\Downloads\purcar.xyzbeforeai\src\app\pages\Dino.tsx, /src/styles/index.css[22m
[2m7:14:25 PM[22m [36m[1m[vite][22m[39m [90m[2m(client)[22m[39m [32mhmr update [39m[2m/@fs/C:\Users\NITROPC\Downloads\purcar.xyzbeforeai\src\app\components\GameBoard.tsx, /src/styles/index.css[22m
[2m7:14:46 PM[22m [36m[1m[vite][22m[39m [90m[2m(client)[22m[39m [32mhmr update [39m[2m/@fs/C:\Users\NITROPC\Downloads\purcar.xyzbeforeai\src\app\pages\Game.tsx, /src/styles/index.css[22m
[2m7:15:14 PM[22m [36m[1m[vite][22m[39m [90m[2m(client)[22m[39m [32mhmr update [39m[2m/@fs/C:\Users\NITROPC\Downloads\purcar.xyzbeforeai\src\app\components\GameBoard.tsx, /src/styles/index.css[22m
[2m7:16:26 PM[22m [36m[1m[vite][22m[39m [90m[2m(client)[22m[39m [32mhmr update [39m[2m/@fs/C:\Users\NITROPC\Downloads\purcar.xyzbeforeai\src\app\pages\HighScores.tsx, /src/styles/index.css[22m
[2m7:18:03 PM[22m [36m[1m[vite][22m[39m [90m[2m(client)[22m[39m [32mhmr update [39m[2m/@fs/C:\Users\NITROPC\Downloads\purcar.xyzbeforeai\src\app\pages\HighScores.tsx, /src/styles/index.css[22m
[2m7:24:36 PM[22m [36m[1m[vite][22m[39m [90m[2m(client)[22m[39m [32mhmr update [39m[2m/src/styles/index.css[22m
[2m7:42:25 PM[22m [36m[1m[vite][22m[39m [90m[2m(client)[22m[39m [32mhmr update [39m[2m/@fs/C:\Users\NITROPC\Downloads\purcar.xyzbeforeai\src\app\pages\Landing.tsx, /src/styles/index.css[22m
[2m7:43:14 PM[22m [36m[1m[vite][22m[39m [90m[2m(client)[22m[39m [32mhmr update [39m[2m/@fs/C:\Users\NITROPC\Downloads\purcar.xyzbeforeai\src\app\pages\Landing.tsx, /src/styles/index.css[22m
[2m7:44:55 PM[22m [36m[1m[vite][22m[39m [90m[2m(client)[22m[39m [32mhmr update [39m[2m/@fs/C:\Users\NITROPC\Downloads\purcar.xyzbeforeai\src\app\pages\Landing.tsx, /src/styles/index.css[22m
[2m7:48:14 PM[22m [36m[1m[vite][22m[39m [90m[2m(client)[22m[39m [32mhmr update [39m[2m/src/app/App.tsx, /src/styles/index.css[22m
[2m7:48:23 PM[22m [36m[1m[vite][22m[39m [90m[2m(client)[22m[39m [32mhmr update [39m[2m/@fs/C:\Users\NITROPC\Downloads\purcar.xyzbeforeai\src\app\pages\Landing.tsx, /src/styles/index.css[22m
[2m7:57:01 PM[22m [36m[1m[vite][22m[39m [90m[2m(client)[22m[39m [32mhmr update [39m[2m/@fs/C:\Users\NITROPC\Downloads\purcar.xyzbeforeai\src\app\components\GameBoard.tsx, /src/styles/index.css[22m
[2m7:57:07 PM[22m [36m[1m[vite][22m[39m [90m[2m(client)[22m[39m [32mhmr update [39m[2m/src/styles/index.css[22m
